2024-11-22 11:34:11,006:WARNING:
'cuml' is a soft dependency and not included in the pycaret installation. Please run: `pip install cuml` to install.
2024-11-22 11:34:11,007:WARNING:
'cuml' is a soft dependency and not included in the pycaret installation. Please run: `pip install cuml` to install.
2024-11-22 11:34:11,007:WARNING:
'cuml' is a soft dependency and not included in the pycaret installation. Please run: `pip install cuml` to install.
2024-11-22 11:34:11,007:WARNING:
'cuml' is a soft dependency and not included in the pycaret installation. Please run: `pip install cuml` to install.
2024-11-22 13:04:25,717:WARNING:C:\Users\Abdul Latif\AppData\Roaming\Python\Python310\site-packages\IPython\core\formatters.py:347: FutureWarning: Index.format is deprecated and will be removed in a future version. Convert using index.astype(str) or index.map(formatter) instead.
  return method()

2024-11-22 13:04:25,720:WARNING:C:\Users\Abdul Latif\AppData\Roaming\Python\Python310\site-packages\IPython\core\formatters.py:347: FutureWarning: RangeIndex.format is deprecated and will be removed in a future version. Convert using index.astype(str) or index.map(formatter) instead.
  return method()

2024-11-22 13:04:25,914:WARNING:C:\Users\Abdul Latif\AppData\Roaming\Python\Python310\site-packages\IPython\core\formatters.py:347: FutureWarning: Index.format is deprecated and will be removed in a future version. Convert using index.astype(str) or index.map(formatter) instead.
  return method()

2024-11-22 13:04:26,007:WARNING:C:\Users\Abdul Latif\AppData\Roaming\Python\Python310\site-packages\IPython\core\formatters.py:347: FutureWarning: Index.format is deprecated and will be removed in a future version. Convert using index.astype(str) or index.map(formatter) instead.
  return method()

2024-11-22 13:04:26,011:WARNING:C:\Users\Abdul Latif\AppData\Roaming\Python\Python310\site-packages\IPython\core\formatters.py:347: FutureWarning: RangeIndex.format is deprecated and will be removed in a future version. Convert using index.astype(str) or index.map(formatter) instead.
  return method()

2024-11-22 13:10:21,682:WARNING:
'cuml' is a soft dependency and not included in the pycaret installation. Please run: `pip install cuml` to install.
2024-11-22 13:10:21,682:WARNING:
'cuml' is a soft dependency and not included in the pycaret installation. Please run: `pip install cuml` to install.
2024-11-22 13:10:21,682:WARNING:
'cuml' is a soft dependency and not included in the pycaret installation. Please run: `pip install cuml` to install.
2024-11-22 13:10:21,682:WARNING:
'cuml' is a soft dependency and not included in the pycaret installation. Please run: `pip install cuml` to install.
2024-11-22 13:10:26,473:INFO:PyCaret ClassificationExperiment
2024-11-22 13:10:26,474:INFO:Logging name: clf-default-name
2024-11-22 13:10:26,474:INFO:ML Usecase: MLUsecase.CLASSIFICATION
2024-11-22 13:10:26,474:INFO:version 3.3.2
2024-11-22 13:10:26,474:INFO:Initializing setup()
2024-11-22 13:10:26,474:INFO:self.USI: 2f9b
2024-11-22 13:10:26,474:INFO:self._variable_keys: {'X', 'gpu_param', 'fix_imbalance', '_available_plots', 'log_plots_param', 'n_jobs_param', 'idx', 'y', 'y_test', 'fold_shuffle_param', 'is_multiclass', 'X_train', 'gpu_n_jobs_param', 'logging_param', 'X_test', 'exp_id', 'fold_generator', '_ml_usecase', 'exp_name_log', 'data', 'fold_groups_param', 'USI', 'pipeline', 'seed', 'y_train', 'memory', 'html_param', 'target_param'}
2024-11-22 13:10:26,474:INFO:Checking environment
2024-11-22 13:10:26,474:INFO:python_version: 3.10.9
2024-11-22 13:10:26,474:INFO:python_build: ('tags/v3.10.9:1dd9be6', 'Dec  6 2022 20:01:21')
2024-11-22 13:10:26,474:INFO:machine: AMD64
2024-11-22 13:10:26,474:INFO:platform: Windows-10-10.0.22631-SP0
2024-11-22 13:10:26,518:INFO:Memory: svmem(total=16901767168, available=3770572800, percent=77.7, used=13131194368, free=3770572800)
2024-11-22 13:10:26,519:INFO:Physical Core: 2
2024-11-22 13:10:26,519:INFO:Logical Core: 4
2024-11-22 13:10:26,519:INFO:Checking libraries
2024-11-22 13:10:26,520:INFO:System:
2024-11-22 13:10:26,520:INFO:    python: 3.10.9 (tags/v3.10.9:1dd9be6, Dec  6 2022, 20:01:21) [MSC v.1934 64 bit (AMD64)]
2024-11-22 13:10:26,520:INFO:executable: c:\Program Files\Python\python.exe
2024-11-22 13:10:26,520:INFO:   machine: Windows-10-10.0.22631-SP0
2024-11-22 13:10:26,520:INFO:PyCaret required dependencies:
2024-11-22 13:10:26,708:INFO:                 pip: 22.3.1
2024-11-22 13:10:26,708:INFO:          setuptools: 65.5.0
2024-11-22 13:10:26,708:INFO:             pycaret: 3.3.2
2024-11-22 13:10:26,708:INFO:             IPython: 8.29.0
2024-11-22 13:10:26,708:INFO:          ipywidgets: 8.1.5
2024-11-22 13:10:26,708:INFO:                tqdm: 4.67.0
2024-11-22 13:10:26,708:INFO:               numpy: 1.26.4
2024-11-22 13:10:26,708:INFO:              pandas: 2.1.4
2024-11-22 13:10:26,708:INFO:              jinja2: 3.1.4
2024-11-22 13:10:26,708:INFO:               scipy: 1.11.4
2024-11-22 13:10:26,708:INFO:              joblib: 1.3.2
2024-11-22 13:10:26,708:INFO:             sklearn: 1.4.2
2024-11-22 13:10:26,708:INFO:                pyod: 2.0.2
2024-11-22 13:10:26,708:INFO:            imblearn: 0.12.4
2024-11-22 13:10:26,708:INFO:   category_encoders: 2.6.4
2024-11-22 13:10:26,708:INFO:            lightgbm: 4.5.0
2024-11-22 13:10:26,709:INFO:               numba: 0.60.0
2024-11-22 13:10:26,709:INFO:            requests: 2.32.3
2024-11-22 13:10:26,709:INFO:          matplotlib: 3.7.5
2024-11-22 13:10:26,709:INFO:          scikitplot: 0.3.7
2024-11-22 13:10:26,709:INFO:         yellowbrick: 1.5
2024-11-22 13:10:26,709:INFO:              plotly: 5.24.1
2024-11-22 13:10:26,709:INFO:    plotly-resampler: Not installed
2024-11-22 13:10:26,709:INFO:             kaleido: 0.2.1
2024-11-22 13:10:26,709:INFO:           schemdraw: 0.15
2024-11-22 13:10:26,709:INFO:         statsmodels: 0.14.4
2024-11-22 13:10:26,709:INFO:              sktime: 0.26.0
2024-11-22 13:10:26,709:INFO:               tbats: 1.1.3
2024-11-22 13:10:26,709:INFO:            pmdarima: 2.0.4
2024-11-22 13:10:26,710:INFO:              psutil: 6.1.0
2024-11-22 13:10:26,710:INFO:          markupsafe: 3.0.2
2024-11-22 13:10:26,710:INFO:             pickle5: Not installed
2024-11-22 13:10:26,710:INFO:         cloudpickle: 3.1.0
2024-11-22 13:10:26,710:INFO:         deprecation: 2.1.0
2024-11-22 13:10:26,710:INFO:              xxhash: 3.5.0
2024-11-22 13:10:26,710:INFO:           wurlitzer: Not installed
2024-11-22 13:10:26,710:INFO:PyCaret optional dependencies:
2024-11-22 13:10:26,731:INFO:                shap: Not installed
2024-11-22 13:10:26,731:INFO:           interpret: Not installed
2024-11-22 13:10:26,731:INFO:                umap: Not installed
2024-11-22 13:10:26,731:INFO:     ydata_profiling: Not installed
2024-11-22 13:10:26,731:INFO:  explainerdashboard: Not installed
2024-11-22 13:10:26,731:INFO:             autoviz: Not installed
2024-11-22 13:10:26,731:INFO:           fairlearn: Not installed
2024-11-22 13:10:26,731:INFO:          deepchecks: Not installed
2024-11-22 13:10:26,731:INFO:             xgboost: Not installed
2024-11-22 13:10:26,731:INFO:            catboost: Not installed
2024-11-22 13:10:26,731:INFO:              kmodes: Not installed
2024-11-22 13:10:26,731:INFO:             mlxtend: Not installed
2024-11-22 13:10:26,731:INFO:       statsforecast: Not installed
2024-11-22 13:10:26,731:INFO:        tune_sklearn: Not installed
2024-11-22 13:10:26,731:INFO:                 ray: Not installed
2024-11-22 13:10:26,731:INFO:            hyperopt: Not installed
2024-11-22 13:10:26,731:INFO:              optuna: Not installed
2024-11-22 13:10:26,731:INFO:               skopt: Not installed
2024-11-22 13:10:26,731:INFO:              mlflow: Not installed
2024-11-22 13:10:26,731:INFO:              gradio: Not installed
2024-11-22 13:10:26,731:INFO:             fastapi: Not installed
2024-11-22 13:10:26,731:INFO:             uvicorn: Not installed
2024-11-22 13:10:26,731:INFO:              m2cgen: Not installed
2024-11-22 13:10:26,732:INFO:           evidently: Not installed
2024-11-22 13:10:26,732:INFO:               fugue: Not installed
2024-11-22 13:10:26,732:INFO:           streamlit: Not installed
2024-11-22 13:10:26,732:INFO:             prophet: Not installed
2024-11-22 13:10:26,732:INFO:None
2024-11-22 13:10:26,732:INFO:Set up data.
2024-11-22 13:10:27,405:INFO:Set up folding strategy.
2024-11-22 13:10:27,405:INFO:Set up train/test split.
2024-11-22 13:10:28,101:INFO:Set up index.
2024-11-22 13:10:28,116:INFO:Assigning column types.
2024-11-22 13:10:28,878:INFO:Engine successfully changes for model 'lr' to 'sklearn'.
2024-11-22 13:10:28,965:INFO:Engine for model 'knn' has not been set explicitly, hence returning None.
2024-11-22 13:10:28,981:INFO:Engine for model 'rbfsvm' has not been set explicitly, hence returning None.
2024-11-22 13:10:29,044:WARNING:
'xgboost' is a soft dependency and not included in the pycaret installation. Please run: `pip install xgboost` to install.
Alternately, you can install this by running `pip install pycaret[models]`
2024-11-22 13:10:29,044:WARNING:
'catboost' is a soft dependency and not included in the pycaret installation. Please run: `pip install catboost` to install.
Alternately, you can install this by running `pip install pycaret[models]`
2024-11-22 13:10:29,091:INFO:Engine for model 'knn' has not been set explicitly, hence returning None.
2024-11-22 13:10:29,092:INFO:Engine for model 'rbfsvm' has not been set explicitly, hence returning None.
2024-11-22 13:10:29,121:WARNING:
'xgboost' is a soft dependency and not included in the pycaret installation. Please run: `pip install xgboost` to install.
Alternately, you can install this by running `pip install pycaret[models]`
2024-11-22 13:10:29,121:WARNING:
'catboost' is a soft dependency and not included in the pycaret installation. Please run: `pip install catboost` to install.
Alternately, you can install this by running `pip install pycaret[models]`
2024-11-22 13:10:29,122:INFO:Engine successfully changes for model 'knn' to 'sklearn'.
2024-11-22 13:10:29,167:INFO:Engine for model 'rbfsvm' has not been set explicitly, hence returning None.
2024-11-22 13:10:29,197:WARNING:
'xgboost' is a soft dependency and not included in the pycaret installation. Please run: `pip install xgboost` to install.
Alternately, you can install this by running `pip install pycaret[models]`
2024-11-22 13:10:29,197:WARNING:
'catboost' is a soft dependency and not included in the pycaret installation. Please run: `pip install catboost` to install.
Alternately, you can install this by running `pip install pycaret[models]`
2024-11-22 13:10:29,243:INFO:Engine for model 'rbfsvm' has not been set explicitly, hence returning None.
2024-11-22 13:10:29,271:WARNING:
'xgboost' is a soft dependency and not included in the pycaret installation. Please run: `pip install xgboost` to install.
Alternately, you can install this by running `pip install pycaret[models]`
2024-11-22 13:10:29,271:WARNING:
'catboost' is a soft dependency and not included in the pycaret installation. Please run: `pip install catboost` to install.
Alternately, you can install this by running `pip install pycaret[models]`
2024-11-22 13:10:29,271:INFO:Engine successfully changes for model 'rbfsvm' to 'sklearn'.
2024-11-22 13:10:29,345:WARNING:
'xgboost' is a soft dependency and not included in the pycaret installation. Please run: `pip install xgboost` to install.
Alternately, you can install this by running `pip install pycaret[models]`
2024-11-22 13:10:29,346:WARNING:
'catboost' is a soft dependency and not included in the pycaret installation. Please run: `pip install catboost` to install.
Alternately, you can install this by running `pip install pycaret[models]`
2024-11-22 13:10:29,424:WARNING:
'xgboost' is a soft dependency and not included in the pycaret installation. Please run: `pip install xgboost` to install.
Alternately, you can install this by running `pip install pycaret[models]`
2024-11-22 13:10:29,424:WARNING:
'catboost' is a soft dependency and not included in the pycaret installation. Please run: `pip install catboost` to install.
Alternately, you can install this by running `pip install pycaret[models]`
2024-11-22 13:10:29,428:INFO:Preparing preprocessing pipeline...
2024-11-22 13:10:29,547:INFO:Set up simple imputation.
2024-11-22 13:10:29,547:INFO:Set up removing outliers.
2024-11-22 13:10:29,547:INFO:Set up feature normalization.
2024-11-22 13:10:29,708:INFO:Set up column name cleaning.
2024-11-22 13:10:32,330:INFO:Finished creating preprocessing pipeline.
2024-11-22 13:10:32,351:INFO:Pipeline: Pipeline(memory=FastMemory(location=C:\Users\ABDULL~1\AppData\Local\Temp\joblib),
         steps=[('numerical_imputer',
                 TransformerWrapper(exclude=None,
                                    include=['Age_18', 'Age_19', 'Age_20',
                                             'Age_21', 'Age_22', 'Age_23',
                                             'Age_24', 'Age_25', 'Age_26',
                                             'Age_27', 'Age_28', 'Age_29',
                                             'Age_30', 'Age_31', 'Age_32',
                                             'Age_33', 'Age_34', 'Age_35',
                                             'Age_36', 'Age_37', 'Age_38',
                                             'Age_39', 'A...
                                    transformer=RemoveOutliers(method='iforest',
                                                               n_jobs=1,
                                                               random_state=456,
                                                               threshold=0.05))),
                ('normalize',
                 TransformerWrapper(exclude=None, include=None,
                                    transformer=MinMaxScaler(clip=False,
                                                             copy=True,
                                                             feature_range=(0,
                                                                            1)))),
                ('clean_column_names',
                 TransformerWrapper(exclude=None, include=None,
                                    transformer=CleanColumnNames(match='[\\]\\[\\,\\{\\}\\"\\:]+')))],
         verbose=False)
2024-11-22 13:10:32,351:INFO:Creating final display dataframe.
2024-11-22 13:10:35,229:WARNING:C:\Users\Abdul Latif\AppData\Roaming\Python\Python310\site-packages\pycaret\internal\pipeline.py:289: UserWarning: Persisting input arguments took 0.61s to run.If this happens often in your code, it can cause performance problems (results will be correct in all cases). The reason for this is probably some large input arguments for a wrapped function.
  X, y = self._memory_full_transform(

2024-11-22 13:10:37,150:WARNING:C:\Users\Abdul Latif\AppData\Roaming\Python\Python310\site-packages\pycaret\internal\pipeline.py:289: UserWarning: Persisting input arguments took 0.51s to run.If this happens often in your code, it can cause performance problems (results will be correct in all cases). The reason for this is probably some large input arguments for a wrapped function.
  X, y = self._memory_full_transform(

2024-11-22 13:10:39,125:INFO:Setup _display_container:                     Description             Value
0                    Session id               456
1                        Target    PurchaseStatus
2                   Target type            Binary
3           Original data shape      (1500, 2866)
4        Transformed data shape      (1440, 2866)
5   Transformed train set shape      (1140, 2866)
6    Transformed test set shape       (300, 2866)
7              Numeric features              2865
8                    Preprocess              True
9               Imputation type            simple
10           Numeric imputation              mean
11       Categorical imputation              mode
12              Remove outliers              True
13           Outliers threshold              0.05
14                    Normalize              True
15             Normalize method            minmax
16               Fold Generator   StratifiedKFold
17                  Fold Number                10
18                     CPU Jobs                -1
19                      Use GPU             False
20               Log Experiment             False
21              Experiment Name  clf-default-name
22                          USI              2f9b
2024-11-22 13:10:39,220:WARNING:
'xgboost' is a soft dependency and not included in the pycaret installation. Please run: `pip install xgboost` to install.
Alternately, you can install this by running `pip install pycaret[models]`
2024-11-22 13:10:39,221:WARNING:
'catboost' is a soft dependency and not included in the pycaret installation. Please run: `pip install catboost` to install.
Alternately, you can install this by running `pip install pycaret[models]`
2024-11-22 13:10:39,298:WARNING:
'xgboost' is a soft dependency and not included in the pycaret installation. Please run: `pip install xgboost` to install.
Alternately, you can install this by running `pip install pycaret[models]`
2024-11-22 13:10:39,298:WARNING:
'catboost' is a soft dependency and not included in the pycaret installation. Please run: `pip install catboost` to install.
Alternately, you can install this by running `pip install pycaret[models]`
2024-11-22 13:10:39,300:INFO:setup() successfully completed in 12.83s...............
2024-11-22 13:10:39,312:INFO:Initializing compare_models()
2024-11-22 13:10:39,312:INFO:compare_models(self=<pycaret.classification.oop.ClassificationExperiment object at 0x00000275297D3280>, include=None, fold=None, round=4, cross_validation=True, sort=Accuracy, n_select=1, budget_time=None, turbo=True, errors=ignore, fit_kwargs=None, groups=None, experiment_custom_tags=None, probability_threshold=None, verbose=True, parallel=None, caller_params={'self': <pycaret.classification.oop.ClassificationExperiment object at 0x00000275297D3280>, 'include': None, 'exclude': None, 'fold': None, 'round': 4, 'cross_validation': True, 'sort': 'Accuracy', 'n_select': 1, 'budget_time': None, 'turbo': True, 'errors': 'ignore', 'fit_kwargs': None, 'groups': None, 'experiment_custom_tags': None, 'probability_threshold': None, 'engine': None, 'verbose': True, 'parallel': None, '__class__': <class 'pycaret.classification.oop.ClassificationExperiment'>}, exclude=None)
2024-11-22 13:10:39,312:INFO:Checking exceptions
2024-11-22 13:10:39,727:INFO:Preparing display monitor
2024-11-22 13:10:39,763:INFO:Initializing Logistic Regression
2024-11-22 13:10:39,763:INFO:Total runtime is 0.0 minutes
2024-11-22 13:10:39,772:INFO:SubProcess create_model() called ==================================
2024-11-22 13:10:39,774:INFO:Initializing create_model()
2024-11-22 13:10:39,774:INFO:create_model(self=<pycaret.classification.oop.ClassificationExperiment object at 0x00000275297D3280>, estimator=lr, fold=StratifiedKFold(n_splits=10, random_state=None, shuffle=False), round=4, cross_validation=True, predict=True, fit_kwargs={}, groups=None, refit=False, probability_threshold=None, experiment_custom_tags=None, verbose=False, system=False, add_to_model_list=True, metrics=None, display=<pycaret.internal.display.display.CommonDisplay object at 0x000002752A8E3DF0>, model_only=True, return_train_score=False, error_score=0.0, kwargs={})
2024-11-22 13:10:39,774:INFO:Checking exceptions
2024-11-22 13:10:39,774:INFO:Importing libraries
2024-11-22 13:10:39,774:INFO:Copying training dataset
2024-11-22 13:10:40,342:INFO:Defining folds
2024-11-22 13:10:40,342:INFO:Declaring metric variables
2024-11-22 13:10:40,345:INFO:Importing untrained model
2024-11-22 13:10:40,349:INFO:Logistic Regression Imported successfully
2024-11-22 13:10:40,358:INFO:Starting cross validation
2024-11-22 13:10:40,379:INFO:Cross validating with StratifiedKFold(n_splits=10, random_state=None, shuffle=False), n_jobs=-1
2024-11-22 13:10:53,436:INFO:Calculating mean and std
2024-11-22 13:10:53,442:INFO:Creating metrics dataframe
2024-11-22 13:10:53,447:INFO:Uploading results into container
2024-11-22 13:10:53,448:INFO:Uploading model into container now
2024-11-22 13:10:53,448:INFO:_master_model_container: 1
2024-11-22 13:10:53,448:INFO:_display_container: 2
2024-11-22 13:10:53,449:INFO:LogisticRegression(C=1.0, class_weight=None, dual=False, fit_intercept=True,
                   intercept_scaling=1, l1_ratio=None, max_iter=1000,
                   multi_class='auto', n_jobs=None, penalty='l2',
                   random_state=456, solver='lbfgs', tol=0.0001, verbose=0,
                   warm_start=False)
2024-11-22 13:10:53,450:INFO:create_model() successfully completed......................................
2024-11-22 13:10:53,564:INFO:SubProcess create_model() end ==================================
2024-11-22 13:10:53,564:INFO:Creating metrics dataframe
2024-11-22 13:10:53,576:INFO:Initializing K Neighbors Classifier
2024-11-22 13:10:53,576:INFO:Total runtime is 0.23021501700083416 minutes
2024-11-22 13:10:53,580:INFO:SubProcess create_model() called ==================================
2024-11-22 13:10:53,581:INFO:Initializing create_model()
2024-11-22 13:10:53,581:INFO:create_model(self=<pycaret.classification.oop.ClassificationExperiment object at 0x00000275297D3280>, estimator=knn, fold=StratifiedKFold(n_splits=10, random_state=None, shuffle=False), round=4, cross_validation=True, predict=True, fit_kwargs={}, groups=None, refit=False, probability_threshold=None, experiment_custom_tags=None, verbose=False, system=False, add_to_model_list=True, metrics=None, display=<pycaret.internal.display.display.CommonDisplay object at 0x000002752A8E3DF0>, model_only=True, return_train_score=False, error_score=0.0, kwargs={})
2024-11-22 13:10:53,581:INFO:Checking exceptions
2024-11-22 13:10:53,581:INFO:Importing libraries
2024-11-22 13:10:53,581:INFO:Copying training dataset
2024-11-22 13:10:54,474:INFO:Defining folds
2024-11-22 13:10:54,475:INFO:Declaring metric variables
2024-11-22 13:10:54,479:INFO:Importing untrained model
2024-11-22 13:10:54,484:INFO:K Neighbors Classifier Imported successfully
2024-11-22 13:10:54,496:INFO:Starting cross validation
2024-11-22 13:10:54,526:INFO:Cross validating with StratifiedKFold(n_splits=10, random_state=None, shuffle=False), n_jobs=-1
2024-11-22 13:11:03,644:INFO:Calculating mean and std
2024-11-22 13:11:03,652:INFO:Creating metrics dataframe
2024-11-22 13:11:03,660:INFO:Uploading results into container
2024-11-22 13:11:03,661:INFO:Uploading model into container now
2024-11-22 13:11:03,662:INFO:_master_model_container: 2
2024-11-22 13:11:03,662:INFO:_display_container: 2
2024-11-22 13:11:03,662:INFO:KNeighborsClassifier(algorithm='auto', leaf_size=30, metric='minkowski',
                     metric_params=None, n_jobs=-1, n_neighbors=5, p=2,
                     weights='uniform')
2024-11-22 13:11:03,662:INFO:create_model() successfully completed......................................
2024-11-22 13:11:03,811:INFO:SubProcess create_model() end ==================================
2024-11-22 13:11:03,812:INFO:Creating metrics dataframe
2024-11-22 13:11:03,831:INFO:Initializing Naive Bayes
2024-11-22 13:11:03,831:INFO:Total runtime is 0.4011407494544983 minutes
2024-11-22 13:11:03,838:INFO:SubProcess create_model() called ==================================
2024-11-22 13:11:03,840:INFO:Initializing create_model()
2024-11-22 13:11:03,841:INFO:create_model(self=<pycaret.classification.oop.ClassificationExperiment object at 0x00000275297D3280>, estimator=nb, fold=StratifiedKFold(n_splits=10, random_state=None, shuffle=False), round=4, cross_validation=True, predict=True, fit_kwargs={}, groups=None, refit=False, probability_threshold=None, experiment_custom_tags=None, verbose=False, system=False, add_to_model_list=True, metrics=None, display=<pycaret.internal.display.display.CommonDisplay object at 0x000002752A8E3DF0>, model_only=True, return_train_score=False, error_score=0.0, kwargs={})
2024-11-22 13:11:03,841:INFO:Checking exceptions
2024-11-22 13:11:03,841:INFO:Importing libraries
2024-11-22 13:11:03,842:INFO:Copying training dataset
2024-11-22 13:11:04,979:INFO:Defining folds
2024-11-22 13:11:04,979:INFO:Declaring metric variables
2024-11-22 13:11:04,987:INFO:Importing untrained model
2024-11-22 13:11:04,997:INFO:Naive Bayes Imported successfully
2024-11-22 13:11:05,013:INFO:Starting cross validation
2024-11-22 13:11:05,101:INFO:Cross validating with StratifiedKFold(n_splits=10, random_state=None, shuffle=False), n_jobs=-1
2024-11-22 13:11:13,461:INFO:Calculating mean and std
2024-11-22 13:11:13,463:INFO:Creating metrics dataframe
2024-11-22 13:11:13,467:INFO:Uploading results into container
2024-11-22 13:11:13,469:INFO:Uploading model into container now
2024-11-22 13:11:13,469:INFO:_master_model_container: 3
2024-11-22 13:11:13,470:INFO:_display_container: 2
2024-11-22 13:11:13,470:INFO:GaussianNB(priors=None, var_smoothing=1e-09)
2024-11-22 13:11:13,470:INFO:create_model() successfully completed......................................
2024-11-22 13:11:13,632:INFO:SubProcess create_model() end ==================================
2024-11-22 13:11:13,632:INFO:Creating metrics dataframe
2024-11-22 13:11:13,662:INFO:Initializing Decision Tree Classifier
2024-11-22 13:11:13,662:INFO:Total runtime is 0.5649911681811015 minutes
2024-11-22 13:11:13,669:INFO:SubProcess create_model() called ==================================
2024-11-22 13:11:13,669:INFO:Initializing create_model()
2024-11-22 13:11:13,669:INFO:create_model(self=<pycaret.classification.oop.ClassificationExperiment object at 0x00000275297D3280>, estimator=dt, fold=StratifiedKFold(n_splits=10, random_state=None, shuffle=False), round=4, cross_validation=True, predict=True, fit_kwargs={}, groups=None, refit=False, probability_threshold=None, experiment_custom_tags=None, verbose=False, system=False, add_to_model_list=True, metrics=None, display=<pycaret.internal.display.display.CommonDisplay object at 0x000002752A8E3DF0>, model_only=True, return_train_score=False, error_score=0.0, kwargs={})
2024-11-22 13:11:13,669:INFO:Checking exceptions
2024-11-22 13:11:13,669:INFO:Importing libraries
2024-11-22 13:11:13,669:INFO:Copying training dataset
2024-11-22 13:11:14,648:INFO:Defining folds
2024-11-22 13:11:14,648:INFO:Declaring metric variables
2024-11-22 13:11:14,653:INFO:Importing untrained model
2024-11-22 13:11:14,662:INFO:Decision Tree Classifier Imported successfully
2024-11-22 13:11:14,669:INFO:Starting cross validation
2024-11-22 13:11:14,699:INFO:Cross validating with StratifiedKFold(n_splits=10, random_state=None, shuffle=False), n_jobs=-1
2024-11-22 13:11:22,086:INFO:Calculating mean and std
2024-11-22 13:11:22,088:INFO:Creating metrics dataframe
2024-11-22 13:11:22,097:INFO:Uploading results into container
2024-11-22 13:11:22,097:INFO:Uploading model into container now
2024-11-22 13:11:22,098:INFO:_master_model_container: 4
2024-11-22 13:11:22,098:INFO:_display_container: 2
2024-11-22 13:11:22,098:INFO:DecisionTreeClassifier(ccp_alpha=0.0, class_weight=None, criterion='gini',
                       max_depth=None, max_features=None, max_leaf_nodes=None,
                       min_impurity_decrease=0.0, min_samples_leaf=1,
                       min_samples_split=2, min_weight_fraction_leaf=0.0,
                       monotonic_cst=None, random_state=456, splitter='best')
2024-11-22 13:11:22,099:INFO:create_model() successfully completed......................................
2024-11-22 13:11:22,227:INFO:SubProcess create_model() end ==================================
2024-11-22 13:11:22,227:INFO:Creating metrics dataframe
2024-11-22 13:11:22,238:INFO:Initializing SVM - Linear Kernel
2024-11-22 13:11:22,238:INFO:Total runtime is 0.7079207579294841 minutes
2024-11-22 13:11:22,247:INFO:SubProcess create_model() called ==================================
2024-11-22 13:11:22,248:INFO:Initializing create_model()
2024-11-22 13:11:22,248:INFO:create_model(self=<pycaret.classification.oop.ClassificationExperiment object at 0x00000275297D3280>, estimator=svm, fold=StratifiedKFold(n_splits=10, random_state=None, shuffle=False), round=4, cross_validation=True, predict=True, fit_kwargs={}, groups=None, refit=False, probability_threshold=None, experiment_custom_tags=None, verbose=False, system=False, add_to_model_list=True, metrics=None, display=<pycaret.internal.display.display.CommonDisplay object at 0x000002752A8E3DF0>, model_only=True, return_train_score=False, error_score=0.0, kwargs={})
2024-11-22 13:11:22,248:INFO:Checking exceptions
2024-11-22 13:11:22,248:INFO:Importing libraries
2024-11-22 13:11:22,248:INFO:Copying training dataset
2024-11-22 13:11:23,637:INFO:Defining folds
2024-11-22 13:11:23,638:INFO:Declaring metric variables
2024-11-22 13:11:23,649:INFO:Importing untrained model
2024-11-22 13:11:23,653:INFO:SVM - Linear Kernel Imported successfully
2024-11-22 13:11:23,665:INFO:Starting cross validation
2024-11-22 13:11:23,700:INFO:Cross validating with StratifiedKFold(n_splits=10, random_state=None, shuffle=False), n_jobs=-1
2024-11-22 13:11:31,426:INFO:Calculating mean and std
2024-11-22 13:11:31,428:INFO:Creating metrics dataframe
2024-11-22 13:11:31,435:INFO:Uploading results into container
2024-11-22 13:11:31,435:INFO:Uploading model into container now
2024-11-22 13:11:31,435:INFO:_master_model_container: 5
2024-11-22 13:11:31,435:INFO:_display_container: 2
2024-11-22 13:11:31,436:INFO:SGDClassifier(alpha=0.0001, average=False, class_weight=None,
              early_stopping=False, epsilon=0.1, eta0=0.001, fit_intercept=True,
              l1_ratio=0.15, learning_rate='optimal', loss='hinge',
              max_iter=1000, n_iter_no_change=5, n_jobs=-1, penalty='l2',
              power_t=0.5, random_state=456, shuffle=True, tol=0.001,
              validation_fraction=0.1, verbose=0, warm_start=False)
2024-11-22 13:11:31,436:INFO:create_model() successfully completed......................................
2024-11-22 13:11:31,554:INFO:SubProcess create_model() end ==================================
2024-11-22 13:11:31,554:INFO:Creating metrics dataframe
2024-11-22 13:11:31,565:INFO:Initializing Ridge Classifier
2024-11-22 13:11:31,565:INFO:Total runtime is 0.863370672861735 minutes
2024-11-22 13:11:31,569:INFO:SubProcess create_model() called ==================================
2024-11-22 13:11:31,569:INFO:Initializing create_model()
2024-11-22 13:11:31,569:INFO:create_model(self=<pycaret.classification.oop.ClassificationExperiment object at 0x00000275297D3280>, estimator=ridge, fold=StratifiedKFold(n_splits=10, random_state=None, shuffle=False), round=4, cross_validation=True, predict=True, fit_kwargs={}, groups=None, refit=False, probability_threshold=None, experiment_custom_tags=None, verbose=False, system=False, add_to_model_list=True, metrics=None, display=<pycaret.internal.display.display.CommonDisplay object at 0x000002752A8E3DF0>, model_only=True, return_train_score=False, error_score=0.0, kwargs={})
2024-11-22 13:11:31,570:INFO:Checking exceptions
2024-11-22 13:11:31,570:INFO:Importing libraries
2024-11-22 13:11:31,570:INFO:Copying training dataset
2024-11-22 13:11:32,363:INFO:Defining folds
2024-11-22 13:11:32,363:INFO:Declaring metric variables
2024-11-22 13:11:32,368:INFO:Importing untrained model
2024-11-22 13:11:32,379:INFO:Ridge Classifier Imported successfully
2024-11-22 13:11:32,388:INFO:Starting cross validation
2024-11-22 13:11:32,427:INFO:Cross validating with StratifiedKFold(n_splits=10, random_state=None, shuffle=False), n_jobs=-1
2024-11-22 13:11:39,352:INFO:Calculating mean and std
2024-11-22 13:11:39,354:INFO:Creating metrics dataframe
2024-11-22 13:11:39,362:INFO:Uploading results into container
2024-11-22 13:11:39,363:INFO:Uploading model into container now
2024-11-22 13:11:39,364:INFO:_master_model_container: 6
2024-11-22 13:11:39,364:INFO:_display_container: 2
2024-11-22 13:11:39,364:INFO:RidgeClassifier(alpha=1.0, class_weight=None, copy_X=True, fit_intercept=True,
                max_iter=None, positive=False, random_state=456, solver='auto',
                tol=0.0001)
2024-11-22 13:11:39,364:INFO:create_model() successfully completed......................................
2024-11-22 13:11:39,465:INFO:SubProcess create_model() end ==================================
2024-11-22 13:11:39,466:INFO:Creating metrics dataframe
2024-11-22 13:11:39,473:INFO:Initializing Random Forest Classifier
2024-11-22 13:11:39,473:INFO:Total runtime is 0.9951627612113952 minutes
2024-11-22 13:11:39,482:INFO:SubProcess create_model() called ==================================
2024-11-22 13:11:39,482:INFO:Initializing create_model()
2024-11-22 13:11:39,483:INFO:create_model(self=<pycaret.classification.oop.ClassificationExperiment object at 0x00000275297D3280>, estimator=rf, fold=StratifiedKFold(n_splits=10, random_state=None, shuffle=False), round=4, cross_validation=True, predict=True, fit_kwargs={}, groups=None, refit=False, probability_threshold=None, experiment_custom_tags=None, verbose=False, system=False, add_to_model_list=True, metrics=None, display=<pycaret.internal.display.display.CommonDisplay object at 0x000002752A8E3DF0>, model_only=True, return_train_score=False, error_score=0.0, kwargs={})
2024-11-22 13:11:39,483:INFO:Checking exceptions
2024-11-22 13:11:39,483:INFO:Importing libraries
2024-11-22 13:11:39,483:INFO:Copying training dataset
2024-11-22 13:11:40,182:INFO:Defining folds
2024-11-22 13:11:40,183:INFO:Declaring metric variables
2024-11-22 13:11:40,187:INFO:Importing untrained model
2024-11-22 13:11:40,199:INFO:Random Forest Classifier Imported successfully
2024-11-22 13:11:40,206:INFO:Starting cross validation
2024-11-22 13:11:40,237:INFO:Cross validating with StratifiedKFold(n_splits=10, random_state=None, shuffle=False), n_jobs=-1
2024-11-22 13:11:52,260:INFO:Calculating mean and std
2024-11-22 13:11:52,261:INFO:Creating metrics dataframe
2024-11-22 13:11:52,264:INFO:Uploading results into container
2024-11-22 13:11:52,265:INFO:Uploading model into container now
2024-11-22 13:11:52,266:INFO:_master_model_container: 7
2024-11-22 13:11:52,267:INFO:_display_container: 2
2024-11-22 13:11:52,270:INFO:RandomForestClassifier(bootstrap=True, ccp_alpha=0.0, class_weight=None,
                       criterion='gini', max_depth=None, max_features='sqrt',
                       max_leaf_nodes=None, max_samples=None,
                       min_impurity_decrease=0.0, min_samples_leaf=1,
                       min_samples_split=2, min_weight_fraction_leaf=0.0,
                       monotonic_cst=None, n_estimators=100, n_jobs=-1,
                       oob_score=False, random_state=456, verbose=0,
                       warm_start=False)
2024-11-22 13:11:52,270:INFO:create_model() successfully completed......................................
2024-11-22 13:11:52,405:INFO:SubProcess create_model() end ==================================
2024-11-22 13:11:52,405:INFO:Creating metrics dataframe
2024-11-22 13:11:52,414:INFO:Initializing Quadratic Discriminant Analysis
2024-11-22 13:11:52,414:INFO:Total runtime is 1.210850715637207 minutes
2024-11-22 13:11:52,418:INFO:SubProcess create_model() called ==================================
2024-11-22 13:11:52,419:INFO:Initializing create_model()
2024-11-22 13:11:52,420:INFO:create_model(self=<pycaret.classification.oop.ClassificationExperiment object at 0x00000275297D3280>, estimator=qda, fold=StratifiedKFold(n_splits=10, random_state=None, shuffle=False), round=4, cross_validation=True, predict=True, fit_kwargs={}, groups=None, refit=False, probability_threshold=None, experiment_custom_tags=None, verbose=False, system=False, add_to_model_list=True, metrics=None, display=<pycaret.internal.display.display.CommonDisplay object at 0x000002752A8E3DF0>, model_only=True, return_train_score=False, error_score=0.0, kwargs={})
2024-11-22 13:11:52,420:INFO:Checking exceptions
2024-11-22 13:11:52,420:INFO:Importing libraries
2024-11-22 13:11:52,420:INFO:Copying training dataset
2024-11-22 13:11:53,045:INFO:Defining folds
2024-11-22 13:11:53,046:INFO:Declaring metric variables
2024-11-22 13:11:53,050:INFO:Importing untrained model
2024-11-22 13:11:53,061:INFO:Quadratic Discriminant Analysis Imported successfully
2024-11-22 13:11:53,067:INFO:Starting cross validation
2024-11-22 13:11:53,097:INFO:Cross validating with StratifiedKFold(n_splits=10, random_state=None, shuffle=False), n_jobs=-1
2024-11-22 13:11:55,852:WARNING:C:\Users\Abdul Latif\AppData\Roaming\Python\Python310\site-packages\sklearn\discriminant_analysis.py:935: UserWarning: Variables are collinear
  warnings.warn("Variables are collinear")

2024-11-22 13:11:55,903:WARNING:C:\Users\Abdul Latif\AppData\Roaming\Python\Python310\site-packages\sklearn\discriminant_analysis.py:935: UserWarning: Variables are collinear
  warnings.warn("Variables are collinear")

2024-11-22 13:11:56,080:WARNING:C:\Users\Abdul Latif\AppData\Roaming\Python\Python310\site-packages\sklearn\discriminant_analysis.py:935: UserWarning: Variables are collinear
  warnings.warn("Variables are collinear")

2024-11-22 13:11:56,307:WARNING:C:\Users\Abdul Latif\AppData\Roaming\Python\Python310\site-packages\sklearn\discriminant_analysis.py:935: UserWarning: Variables are collinear
  warnings.warn("Variables are collinear")

2024-11-22 13:11:59,121:WARNING:C:\Users\Abdul Latif\AppData\Roaming\Python\Python310\site-packages\sklearn\discriminant_analysis.py:935: UserWarning: Variables are collinear
  warnings.warn("Variables are collinear")

2024-11-22 13:11:59,437:WARNING:C:\Users\Abdul Latif\AppData\Roaming\Python\Python310\site-packages\sklearn\discriminant_analysis.py:935: UserWarning: Variables are collinear
  warnings.warn("Variables are collinear")

2024-11-22 13:11:59,855:WARNING:C:\Users\Abdul Latif\AppData\Roaming\Python\Python310\site-packages\sklearn\discriminant_analysis.py:935: UserWarning: Variables are collinear
  warnings.warn("Variables are collinear")

2024-11-22 13:12:00,197:WARNING:C:\Users\Abdul Latif\AppData\Roaming\Python\Python310\site-packages\sklearn\discriminant_analysis.py:935: UserWarning: Variables are collinear
  warnings.warn("Variables are collinear")

2024-11-22 13:12:02,274:WARNING:C:\Users\Abdul Latif\AppData\Roaming\Python\Python310\site-packages\sklearn\discriminant_analysis.py:935: UserWarning: Variables are collinear
  warnings.warn("Variables are collinear")

2024-11-22 13:12:02,394:WARNING:C:\Users\Abdul Latif\AppData\Roaming\Python\Python310\site-packages\sklearn\discriminant_analysis.py:935: UserWarning: Variables are collinear
  warnings.warn("Variables are collinear")

2024-11-22 13:12:02,962:INFO:Calculating mean and std
2024-11-22 13:12:02,963:INFO:Creating metrics dataframe
2024-11-22 13:12:02,966:INFO:Uploading results into container
2024-11-22 13:12:02,966:INFO:Uploading model into container now
2024-11-22 13:12:02,967:INFO:_master_model_container: 8
2024-11-22 13:12:02,967:INFO:_display_container: 2
2024-11-22 13:12:02,967:INFO:QuadraticDiscriminantAnalysis(priors=None, reg_param=0.0,
                              store_covariance=False, tol=0.0001)
2024-11-22 13:12:02,967:INFO:create_model() successfully completed......................................
2024-11-22 13:12:03,051:INFO:SubProcess create_model() end ==================================
2024-11-22 13:12:03,051:INFO:Creating metrics dataframe
2024-11-22 13:12:03,060:INFO:Initializing Ada Boost Classifier
2024-11-22 13:12:03,060:INFO:Total runtime is 1.3882847706476849 minutes
2024-11-22 13:12:03,064:INFO:SubProcess create_model() called ==================================
2024-11-22 13:12:03,064:INFO:Initializing create_model()
2024-11-22 13:12:03,064:INFO:create_model(self=<pycaret.classification.oop.ClassificationExperiment object at 0x00000275297D3280>, estimator=ada, fold=StratifiedKFold(n_splits=10, random_state=None, shuffle=False), round=4, cross_validation=True, predict=True, fit_kwargs={}, groups=None, refit=False, probability_threshold=None, experiment_custom_tags=None, verbose=False, system=False, add_to_model_list=True, metrics=None, display=<pycaret.internal.display.display.CommonDisplay object at 0x000002752A8E3DF0>, model_only=True, return_train_score=False, error_score=0.0, kwargs={})
2024-11-22 13:12:03,064:INFO:Checking exceptions
2024-11-22 13:12:03,064:INFO:Importing libraries
2024-11-22 13:12:03,065:INFO:Copying training dataset
2024-11-22 13:12:03,674:INFO:Defining folds
2024-11-22 13:12:03,677:INFO:Declaring metric variables
2024-11-22 13:12:03,683:INFO:Importing untrained model
2024-11-22 13:12:03,686:INFO:Ada Boost Classifier Imported successfully
2024-11-22 13:12:03,698:INFO:Starting cross validation
2024-11-22 13:12:03,722:INFO:Cross validating with StratifiedKFold(n_splits=10, random_state=None, shuffle=False), n_jobs=-1
2024-11-22 13:12:05,351:WARNING:C:\Users\Abdul Latif\AppData\Roaming\Python\Python310\site-packages\sklearn\ensemble\_weight_boosting.py:519: FutureWarning: The SAMME.R algorithm (the default) is deprecated and will be removed in 1.6. Use the SAMME algorithm to circumvent this warning.
  warnings.warn(

2024-11-22 13:12:05,538:WARNING:C:\Users\Abdul Latif\AppData\Roaming\Python\Python310\site-packages\sklearn\ensemble\_weight_boosting.py:519: FutureWarning: The SAMME.R algorithm (the default) is deprecated and will be removed in 1.6. Use the SAMME algorithm to circumvent this warning.
  warnings.warn(

2024-11-22 13:12:05,747:WARNING:C:\Users\Abdul Latif\AppData\Roaming\Python\Python310\site-packages\sklearn\ensemble\_weight_boosting.py:519: FutureWarning: The SAMME.R algorithm (the default) is deprecated and will be removed in 1.6. Use the SAMME algorithm to circumvent this warning.
  warnings.warn(

2024-11-22 13:12:05,934:WARNING:C:\Users\Abdul Latif\AppData\Roaming\Python\Python310\site-packages\sklearn\ensemble\_weight_boosting.py:519: FutureWarning: The SAMME.R algorithm (the default) is deprecated and will be removed in 1.6. Use the SAMME algorithm to circumvent this warning.
  warnings.warn(

2024-11-22 13:12:08,835:WARNING:C:\Users\Abdul Latif\AppData\Roaming\Python\Python310\site-packages\sklearn\ensemble\_weight_boosting.py:519: FutureWarning: The SAMME.R algorithm (the default) is deprecated and will be removed in 1.6. Use the SAMME algorithm to circumvent this warning.
  warnings.warn(

2024-11-22 13:12:09,023:WARNING:C:\Users\Abdul Latif\AppData\Roaming\Python\Python310\site-packages\sklearn\ensemble\_weight_boosting.py:519: FutureWarning: The SAMME.R algorithm (the default) is deprecated and will be removed in 1.6. Use the SAMME algorithm to circumvent this warning.
  warnings.warn(

2024-11-22 13:12:09,227:WARNING:C:\Users\Abdul Latif\AppData\Roaming\Python\Python310\site-packages\sklearn\ensemble\_weight_boosting.py:519: FutureWarning: The SAMME.R algorithm (the default) is deprecated and will be removed in 1.6. Use the SAMME algorithm to circumvent this warning.
  warnings.warn(

2024-11-22 13:12:09,421:WARNING:C:\Users\Abdul Latif\AppData\Roaming\Python\Python310\site-packages\sklearn\ensemble\_weight_boosting.py:519: FutureWarning: The SAMME.R algorithm (the default) is deprecated and will be removed in 1.6. Use the SAMME algorithm to circumvent this warning.
  warnings.warn(

2024-11-22 13:12:11,585:WARNING:C:\Users\Abdul Latif\AppData\Roaming\Python\Python310\site-packages\sklearn\ensemble\_weight_boosting.py:519: FutureWarning: The SAMME.R algorithm (the default) is deprecated and will be removed in 1.6. Use the SAMME algorithm to circumvent this warning.
  warnings.warn(

2024-11-22 13:12:11,700:WARNING:C:\Users\Abdul Latif\AppData\Roaming\Python\Python310\site-packages\sklearn\ensemble\_weight_boosting.py:519: FutureWarning: The SAMME.R algorithm (the default) is deprecated and will be removed in 1.6. Use the SAMME algorithm to circumvent this warning.
  warnings.warn(

2024-11-22 13:12:12,722:INFO:Calculating mean and std
2024-11-22 13:12:12,724:INFO:Creating metrics dataframe
2024-11-22 13:12:12,727:INFO:Uploading results into container
2024-11-22 13:12:12,728:INFO:Uploading model into container now
2024-11-22 13:12:12,728:INFO:_master_model_container: 9
2024-11-22 13:12:12,728:INFO:_display_container: 2
2024-11-22 13:12:12,729:INFO:AdaBoostClassifier(algorithm='SAMME.R', estimator=None, learning_rate=1.0,
                   n_estimators=50, random_state=456)
2024-11-22 13:12:12,729:INFO:create_model() successfully completed......................................
2024-11-22 13:12:12,813:INFO:SubProcess create_model() end ==================================
2024-11-22 13:12:12,813:INFO:Creating metrics dataframe
2024-11-22 13:12:12,822:INFO:Initializing Gradient Boosting Classifier
2024-11-22 13:12:12,822:INFO:Total runtime is 1.5509803930918378 minutes
2024-11-22 13:12:12,825:INFO:SubProcess create_model() called ==================================
2024-11-22 13:12:12,826:INFO:Initializing create_model()
2024-11-22 13:12:12,826:INFO:create_model(self=<pycaret.classification.oop.ClassificationExperiment object at 0x00000275297D3280>, estimator=gbc, fold=StratifiedKFold(n_splits=10, random_state=None, shuffle=False), round=4, cross_validation=True, predict=True, fit_kwargs={}, groups=None, refit=False, probability_threshold=None, experiment_custom_tags=None, verbose=False, system=False, add_to_model_list=True, metrics=None, display=<pycaret.internal.display.display.CommonDisplay object at 0x000002752A8E3DF0>, model_only=True, return_train_score=False, error_score=0.0, kwargs={})
2024-11-22 13:12:12,826:INFO:Checking exceptions
2024-11-22 13:12:12,828:INFO:Importing libraries
2024-11-22 13:12:12,828:INFO:Copying training dataset
2024-11-22 13:12:13,458:INFO:Defining folds
2024-11-22 13:12:13,458:INFO:Declaring metric variables
2024-11-22 13:12:13,467:INFO:Importing untrained model
2024-11-22 13:12:13,471:INFO:Gradient Boosting Classifier Imported successfully
2024-11-22 13:12:13,483:INFO:Starting cross validation
2024-11-22 13:12:13,516:INFO:Cross validating with StratifiedKFold(n_splits=10, random_state=None, shuffle=False), n_jobs=-1
2024-11-22 13:12:31,486:INFO:Calculating mean and std
2024-11-22 13:12:31,488:INFO:Creating metrics dataframe
2024-11-22 13:12:31,490:INFO:Uploading results into container
2024-11-22 13:12:31,491:INFO:Uploading model into container now
2024-11-22 13:12:31,492:INFO:_master_model_container: 10
2024-11-22 13:12:31,493:INFO:_display_container: 2
2024-11-22 13:12:31,496:INFO:GradientBoostingClassifier(ccp_alpha=0.0, criterion='friedman_mse', init=None,
                           learning_rate=0.1, loss='log_loss', max_depth=3,
                           max_features=None, max_leaf_nodes=None,
                           min_impurity_decrease=0.0, min_samples_leaf=1,
                           min_samples_split=2, min_weight_fraction_leaf=0.0,
                           n_estimators=100, n_iter_no_change=None,
                           random_state=456, subsample=1.0, tol=0.0001,
                           validation_fraction=0.1, verbose=0,
                           warm_start=False)
2024-11-22 13:12:31,496:INFO:create_model() successfully completed......................................
2024-11-22 13:12:31,591:INFO:SubProcess create_model() end ==================================
2024-11-22 13:12:31,591:INFO:Creating metrics dataframe
2024-11-22 13:12:31,603:INFO:Initializing Linear Discriminant Analysis
2024-11-22 13:12:31,603:INFO:Total runtime is 1.8640040357907615 minutes
2024-11-22 13:12:31,607:INFO:SubProcess create_model() called ==================================
2024-11-22 13:12:31,607:INFO:Initializing create_model()
2024-11-22 13:12:31,607:INFO:create_model(self=<pycaret.classification.oop.ClassificationExperiment object at 0x00000275297D3280>, estimator=lda, fold=StratifiedKFold(n_splits=10, random_state=None, shuffle=False), round=4, cross_validation=True, predict=True, fit_kwargs={}, groups=None, refit=False, probability_threshold=None, experiment_custom_tags=None, verbose=False, system=False, add_to_model_list=True, metrics=None, display=<pycaret.internal.display.display.CommonDisplay object at 0x000002752A8E3DF0>, model_only=True, return_train_score=False, error_score=0.0, kwargs={})
2024-11-22 13:12:31,607:INFO:Checking exceptions
2024-11-22 13:12:31,607:INFO:Importing libraries
2024-11-22 13:12:31,607:INFO:Copying training dataset
2024-11-22 13:12:32,241:INFO:Defining folds
2024-11-22 13:12:32,241:INFO:Declaring metric variables
2024-11-22 13:12:32,248:INFO:Importing untrained model
2024-11-22 13:12:32,254:INFO:Linear Discriminant Analysis Imported successfully
2024-11-22 13:12:32,265:INFO:Starting cross validation
2024-11-22 13:12:32,295:INFO:Cross validating with StratifiedKFold(n_splits=10, random_state=None, shuffle=False), n_jobs=-1
2024-11-22 13:12:43,077:WARNING:C:\Users\Abdul Latif\AppData\Roaming\Python\Python310\site-packages\sklearn\model_selection\_validation.py:547: FitFailedWarning: 
2 fits failed out of a total of 10.
The score on these train-test partitions for these parameters will be set to 0.0.
If these failures are not expected, you can try to debug them by setting error_score='raise'.

Below are more details about the failures:
--------------------------------------------------------------------------------
2 fits failed with the following error:
Traceback (most recent call last):
  File "C:\Users\Abdul Latif\AppData\Roaming\Python\Python310\site-packages\sklearn\model_selection\_validation.py", line 895, in _fit_and_score
    estimator.fit(X_train, y_train, **fit_params)
  File "C:\Users\Abdul Latif\AppData\Roaming\Python\Python310\site-packages\pycaret\internal\pipeline.py", line 278, in fit
    fitted_estimator = self._memory_fit(
  File "C:\Users\Abdul Latif\AppData\Roaming\Python\Python310\site-packages\joblib\memory.py", line 353, in __call__
    return self.func(*args, **kwargs)
  File "C:\Users\Abdul Latif\AppData\Roaming\Python\Python310\site-packages\pycaret\internal\pipeline.py", line 69, in _fit_one
    transformer.fit(*args)
  File "C:\Users\Abdul Latif\AppData\Roaming\Python\Python310\site-packages\sklearn\base.py", line 1474, in wrapper
    return fit_method(estimator, *args, **kwargs)
  File "C:\Users\Abdul Latif\AppData\Roaming\Python\Python310\site-packages\sklearn\discriminant_analysis.py", line 628, in fit
    self._solve_svd(X, y)
  File "C:\Users\Abdul Latif\AppData\Roaming\Python\Python310\site-packages\sklearn\discriminant_analysis.py", line 522, in _solve_svd
    U, S, Vt = svd(X, full_matrices=False)
  File "C:\Users\Abdul Latif\AppData\Roaming\Python\Python310\site-packages\scipy\linalg\_decomp_svd.py", line 131, in svd
    raise LinAlgError("SVD did not converge")
numpy.linalg.LinAlgError: SVD did not converge

  warnings.warn(some_fits_failed_message, FitFailedWarning)

2024-11-22 13:12:43,078:INFO:Calculating mean and std
2024-11-22 13:12:43,081:INFO:Creating metrics dataframe
2024-11-22 13:12:43,086:INFO:Uploading results into container
2024-11-22 13:12:43,086:INFO:Uploading model into container now
2024-11-22 13:12:43,087:INFO:_master_model_container: 11
2024-11-22 13:12:43,087:INFO:_display_container: 2
2024-11-22 13:12:43,088:INFO:LinearDiscriminantAnalysis(covariance_estimator=None, n_components=None,
                           priors=None, shrinkage=None, solver='svd',
                           store_covariance=False, tol=0.0001)
2024-11-22 13:12:43,088:INFO:create_model() successfully completed......................................
2024-11-22 13:12:43,221:INFO:SubProcess create_model() end ==================================
2024-11-22 13:12:43,221:INFO:Creating metrics dataframe
2024-11-22 13:12:43,238:INFO:Initializing Extra Trees Classifier
2024-11-22 13:12:43,238:INFO:Total runtime is 2.0579143126805626 minutes
2024-11-22 13:12:43,242:INFO:SubProcess create_model() called ==================================
2024-11-22 13:12:43,243:INFO:Initializing create_model()
2024-11-22 13:12:43,243:INFO:create_model(self=<pycaret.classification.oop.ClassificationExperiment object at 0x00000275297D3280>, estimator=et, fold=StratifiedKFold(n_splits=10, random_state=None, shuffle=False), round=4, cross_validation=True, predict=True, fit_kwargs={}, groups=None, refit=False, probability_threshold=None, experiment_custom_tags=None, verbose=False, system=False, add_to_model_list=True, metrics=None, display=<pycaret.internal.display.display.CommonDisplay object at 0x000002752A8E3DF0>, model_only=True, return_train_score=False, error_score=0.0, kwargs={})
2024-11-22 13:12:43,243:INFO:Checking exceptions
2024-11-22 13:12:43,243:INFO:Importing libraries
2024-11-22 13:12:43,243:INFO:Copying training dataset
2024-11-22 13:12:44,103:INFO:Defining folds
2024-11-22 13:12:44,103:INFO:Declaring metric variables
2024-11-22 13:12:44,108:INFO:Importing untrained model
2024-11-22 13:12:44,116:INFO:Extra Trees Classifier Imported successfully
2024-11-22 13:12:44,125:INFO:Starting cross validation
2024-11-22 13:12:44,157:INFO:Cross validating with StratifiedKFold(n_splits=10, random_state=None, shuffle=False), n_jobs=-1
2024-11-22 13:12:56,342:INFO:Calculating mean and std
2024-11-22 13:12:56,343:INFO:Creating metrics dataframe
2024-11-22 13:12:56,351:INFO:Uploading results into container
2024-11-22 13:12:56,352:INFO:Uploading model into container now
2024-11-22 13:12:56,353:INFO:_master_model_container: 12
2024-11-22 13:12:56,353:INFO:_display_container: 2
2024-11-22 13:12:56,354:INFO:ExtraTreesClassifier(bootstrap=False, ccp_alpha=0.0, class_weight=None,
                     criterion='gini', max_depth=None, max_features='sqrt',
                     max_leaf_nodes=None, max_samples=None,
                     min_impurity_decrease=0.0, min_samples_leaf=1,
                     min_samples_split=2, min_weight_fraction_leaf=0.0,
                     monotonic_cst=None, n_estimators=100, n_jobs=-1,
                     oob_score=False, random_state=456, verbose=0,
                     warm_start=False)
2024-11-22 13:12:56,354:INFO:create_model() successfully completed......................................
2024-11-22 13:12:56,447:INFO:SubProcess create_model() end ==================================
2024-11-22 13:12:56,448:INFO:Creating metrics dataframe
2024-11-22 13:12:56,458:INFO:Initializing Light Gradient Boosting Machine
2024-11-22 13:12:56,458:INFO:Total runtime is 2.2782618125279748 minutes
2024-11-22 13:12:56,461:INFO:SubProcess create_model() called ==================================
2024-11-22 13:12:56,464:INFO:Initializing create_model()
2024-11-22 13:12:56,464:INFO:create_model(self=<pycaret.classification.oop.ClassificationExperiment object at 0x00000275297D3280>, estimator=lightgbm, fold=StratifiedKFold(n_splits=10, random_state=None, shuffle=False), round=4, cross_validation=True, predict=True, fit_kwargs={}, groups=None, refit=False, probability_threshold=None, experiment_custom_tags=None, verbose=False, system=False, add_to_model_list=True, metrics=None, display=<pycaret.internal.display.display.CommonDisplay object at 0x000002752A8E3DF0>, model_only=True, return_train_score=False, error_score=0.0, kwargs={})
2024-11-22 13:12:56,464:INFO:Checking exceptions
2024-11-22 13:12:56,464:INFO:Importing libraries
2024-11-22 13:12:56,464:INFO:Copying training dataset
2024-11-22 13:12:57,171:INFO:Defining folds
2024-11-22 13:12:57,171:INFO:Declaring metric variables
2024-11-22 13:12:57,178:INFO:Importing untrained model
2024-11-22 13:12:57,186:INFO:Light Gradient Boosting Machine Imported successfully
2024-11-22 13:12:57,197:INFO:Starting cross validation
2024-11-22 13:12:57,227:INFO:Cross validating with StratifiedKFold(n_splits=10, random_state=None, shuffle=False), n_jobs=-1
2024-11-22 13:13:04,442:INFO:Calculating mean and std
2024-11-22 13:13:04,445:INFO:Creating metrics dataframe
2024-11-22 13:13:04,452:INFO:Uploading results into container
2024-11-22 13:13:04,453:INFO:Uploading model into container now
2024-11-22 13:13:04,454:INFO:_master_model_container: 13
2024-11-22 13:13:04,454:INFO:_display_container: 2
2024-11-22 13:13:04,455:INFO:LGBMClassifier(boosting_type='gbdt', class_weight=None, colsample_bytree=1.0,
               importance_type='split', learning_rate=0.1, max_depth=-1,
               min_child_samples=20, min_child_weight=0.001, min_split_gain=0.0,
               n_estimators=100, n_jobs=-1, num_leaves=31, objective=None,
               random_state=456, reg_alpha=0.0, reg_lambda=0.0, subsample=1.0,
               subsample_for_bin=200000, subsample_freq=0)
2024-11-22 13:13:04,455:INFO:create_model() successfully completed......................................
2024-11-22 13:13:04,558:INFO:SubProcess create_model() end ==================================
2024-11-22 13:13:04,558:INFO:Creating metrics dataframe
2024-11-22 13:13:04,574:INFO:Initializing Dummy Classifier
2024-11-22 13:13:04,574:INFO:Total runtime is 2.4135184526443485 minutes
2024-11-22 13:13:04,578:INFO:SubProcess create_model() called ==================================
2024-11-22 13:13:04,578:INFO:Initializing create_model()
2024-11-22 13:13:04,578:INFO:create_model(self=<pycaret.classification.oop.ClassificationExperiment object at 0x00000275297D3280>, estimator=dummy, fold=StratifiedKFold(n_splits=10, random_state=None, shuffle=False), round=4, cross_validation=True, predict=True, fit_kwargs={}, groups=None, refit=False, probability_threshold=None, experiment_custom_tags=None, verbose=False, system=False, add_to_model_list=True, metrics=None, display=<pycaret.internal.display.display.CommonDisplay object at 0x000002752A8E3DF0>, model_only=True, return_train_score=False, error_score=0.0, kwargs={})
2024-11-22 13:13:04,579:INFO:Checking exceptions
2024-11-22 13:13:04,579:INFO:Importing libraries
2024-11-22 13:13:04,579:INFO:Copying training dataset
2024-11-22 13:13:05,318:INFO:Defining folds
2024-11-22 13:13:05,318:INFO:Declaring metric variables
2024-11-22 13:13:05,324:INFO:Importing untrained model
2024-11-22 13:13:05,328:INFO:Dummy Classifier Imported successfully
2024-11-22 13:13:05,340:INFO:Starting cross validation
2024-11-22 13:13:05,370:INFO:Cross validating with StratifiedKFold(n_splits=10, random_state=None, shuffle=False), n_jobs=-1
2024-11-22 13:13:07,251:WARNING:C:\Users\Abdul Latif\AppData\Roaming\Python\Python310\site-packages\sklearn\metrics\_classification.py:1509: UndefinedMetricWarning: Precision is ill-defined and being set to 0.0 due to no predicted samples. Use `zero_division` parameter to control this behavior.
  _warn_prf(average, modifier, f"{metric.capitalize()} is", len(result))

2024-11-22 13:13:07,440:WARNING:C:\Users\Abdul Latif\AppData\Roaming\Python\Python310\site-packages\sklearn\metrics\_classification.py:1509: UndefinedMetricWarning: Precision is ill-defined and being set to 0.0 due to no predicted samples. Use `zero_division` parameter to control this behavior.
  _warn_prf(average, modifier, f"{metric.capitalize()} is", len(result))

2024-11-22 13:13:07,658:WARNING:C:\Users\Abdul Latif\AppData\Roaming\Python\Python310\site-packages\sklearn\metrics\_classification.py:1509: UndefinedMetricWarning: Precision is ill-defined and being set to 0.0 due to no predicted samples. Use `zero_division` parameter to control this behavior.
  _warn_prf(average, modifier, f"{metric.capitalize()} is", len(result))

2024-11-22 13:13:07,956:WARNING:C:\Users\Abdul Latif\AppData\Roaming\Python\Python310\site-packages\sklearn\metrics\_classification.py:1509: UndefinedMetricWarning: Precision is ill-defined and being set to 0.0 due to no predicted samples. Use `zero_division` parameter to control this behavior.
  _warn_prf(average, modifier, f"{metric.capitalize()} is", len(result))

2024-11-22 13:13:09,296:WARNING:C:\Users\Abdul Latif\AppData\Roaming\Python\Python310\site-packages\sklearn\metrics\_classification.py:1509: UndefinedMetricWarning: Precision is ill-defined and being set to 0.0 due to no predicted samples. Use `zero_division` parameter to control this behavior.
  _warn_prf(average, modifier, f"{metric.capitalize()} is", len(result))

2024-11-22 13:13:09,416:WARNING:C:\Users\Abdul Latif\AppData\Roaming\Python\Python310\site-packages\sklearn\metrics\_classification.py:1509: UndefinedMetricWarning: Precision is ill-defined and being set to 0.0 due to no predicted samples. Use `zero_division` parameter to control this behavior.
  _warn_prf(average, modifier, f"{metric.capitalize()} is", len(result))

2024-11-22 13:13:09,773:WARNING:C:\Users\Abdul Latif\AppData\Roaming\Python\Python310\site-packages\sklearn\metrics\_classification.py:1509: UndefinedMetricWarning: Precision is ill-defined and being set to 0.0 due to no predicted samples. Use `zero_division` parameter to control this behavior.
  _warn_prf(average, modifier, f"{metric.capitalize()} is", len(result))

2024-11-22 13:13:09,873:WARNING:C:\Users\Abdul Latif\AppData\Roaming\Python\Python310\site-packages\sklearn\metrics\_classification.py:1509: UndefinedMetricWarning: Precision is ill-defined and being set to 0.0 due to no predicted samples. Use `zero_division` parameter to control this behavior.
  _warn_prf(average, modifier, f"{metric.capitalize()} is", len(result))

2024-11-22 13:13:10,810:WARNING:C:\Users\Abdul Latif\AppData\Roaming\Python\Python310\site-packages\sklearn\metrics\_classification.py:1509: UndefinedMetricWarning: Precision is ill-defined and being set to 0.0 due to no predicted samples. Use `zero_division` parameter to control this behavior.
  _warn_prf(average, modifier, f"{metric.capitalize()} is", len(result))

2024-11-22 13:13:10,971:WARNING:C:\Users\Abdul Latif\AppData\Roaming\Python\Python310\site-packages\sklearn\metrics\_classification.py:1509: UndefinedMetricWarning: Precision is ill-defined and being set to 0.0 due to no predicted samples. Use `zero_division` parameter to control this behavior.
  _warn_prf(average, modifier, f"{metric.capitalize()} is", len(result))

2024-11-22 13:13:10,990:INFO:Calculating mean and std
2024-11-22 13:13:10,991:INFO:Creating metrics dataframe
2024-11-22 13:13:10,999:INFO:Uploading results into container
2024-11-22 13:13:11,000:INFO:Uploading model into container now
2024-11-22 13:13:11,000:INFO:_master_model_container: 14
2024-11-22 13:13:11,000:INFO:_display_container: 2
2024-11-22 13:13:11,000:INFO:DummyClassifier(constant=None, random_state=456, strategy='prior')
2024-11-22 13:13:11,000:INFO:create_model() successfully completed......................................
2024-11-22 13:13:11,105:INFO:SubProcess create_model() end ==================================
2024-11-22 13:13:11,105:INFO:Creating metrics dataframe
2024-11-22 13:13:11,119:WARNING:C:\Users\Abdul Latif\AppData\Roaming\Python\Python310\site-packages\pycaret\internal\pycaret_experiment\supervised_experiment.py:323: FutureWarning: Styler.applymap has been deprecated. Use Styler.map instead.
  master_display_.apply(

2024-11-22 13:13:11,129:INFO:Initializing create_model()
2024-11-22 13:13:11,129:INFO:create_model(self=<pycaret.classification.oop.ClassificationExperiment object at 0x00000275297D3280>, estimator=RidgeClassifier(alpha=1.0, class_weight=None, copy_X=True, fit_intercept=True,
                max_iter=None, positive=False, random_state=456, solver='auto',
                tol=0.0001), fold=StratifiedKFold(n_splits=10, random_state=None, shuffle=False), round=4, cross_validation=False, predict=False, fit_kwargs={}, groups=None, refit=True, probability_threshold=None, experiment_custom_tags=None, verbose=False, system=False, add_to_model_list=True, metrics=None, display=None, model_only=True, return_train_score=False, error_score=0.0, kwargs={})
2024-11-22 13:13:11,132:INFO:Checking exceptions
2024-11-22 13:13:11,136:INFO:Importing libraries
2024-11-22 13:13:11,136:INFO:Copying training dataset
2024-11-22 13:13:11,857:INFO:Defining folds
2024-11-22 13:13:11,857:INFO:Declaring metric variables
2024-11-22 13:13:11,857:INFO:Importing untrained model
2024-11-22 13:13:11,857:INFO:Declaring custom model
2024-11-22 13:13:11,859:INFO:Ridge Classifier Imported successfully
2024-11-22 13:13:11,888:INFO:Cross validation set to False
2024-11-22 13:13:11,888:INFO:Fitting Model
2024-11-22 13:13:12,545:INFO:RidgeClassifier(alpha=1.0, class_weight=None, copy_X=True, fit_intercept=True,
                max_iter=None, positive=False, random_state=456, solver='auto',
                tol=0.0001)
2024-11-22 13:13:12,545:INFO:create_model() successfully completed......................................
2024-11-22 13:13:12,677:INFO:_master_model_container: 14
2024-11-22 13:13:12,677:INFO:_display_container: 2
2024-11-22 13:13:12,678:INFO:RidgeClassifier(alpha=1.0, class_weight=None, copy_X=True, fit_intercept=True,
                max_iter=None, positive=False, random_state=456, solver='auto',
                tol=0.0001)
2024-11-22 13:13:12,678:INFO:compare_models() successfully completed......................................
2024-11-22 13:13:12,758:INFO:Initializing automl()
2024-11-22 13:13:12,758:INFO:automl(self=<pycaret.classification.oop.ClassificationExperiment object at 0x00000275297D3280>, optimize=Accuracy, use_holdout=False, turbo=True, return_train_score=False)
2024-11-22 13:13:12,758:INFO:Model Selection Basis : CV Results on Training set
2024-11-22 13:13:12,759:INFO:Checking model 0
2024-11-22 13:13:12,760:WARNING:C:\Users\Abdul Latif\AppData\Roaming\Python\Python310\site-packages\pycaret\internal\pycaret_experiment\supervised_experiment.py:5392: FutureWarning: Series.__getitem__ treating keys as positions is deprecated. In a future version, integer keys will always be treated as labels (consistent with DataFrame behavior). To access a value by position, use `ser.iloc[pos]`
  r = scores[compare_dimension][-2:][0]

2024-11-22 13:13:12,760:INFO:Checking model 1
2024-11-22 13:13:12,760:INFO:Checking model 2
2024-11-22 13:13:12,760:INFO:Checking model 3
2024-11-22 13:13:12,761:INFO:Checking model 4
2024-11-22 13:13:12,761:INFO:Checking model 5
2024-11-22 13:13:12,761:INFO:Checking model 6
2024-11-22 13:13:12,761:INFO:Checking model 7
2024-11-22 13:13:12,762:INFO:Checking model 8
2024-11-22 13:13:12,762:INFO:Checking model 9
2024-11-22 13:13:12,762:INFO:Checking model 10
2024-11-22 13:13:12,762:INFO:Checking model 11
2024-11-22 13:13:12,762:INFO:Checking model 12
2024-11-22 13:13:12,763:INFO:Checking model 13
2024-11-22 13:13:12,763:INFO:Initializing create_model()
2024-11-22 13:13:12,763:INFO:create_model(self=<pycaret.classification.oop.ClassificationExperiment object at 0x00000275297D3280>, estimator=RidgeClassifier(alpha=1.0, class_weight=None, copy_X=True, fit_intercept=True,
                max_iter=None, positive=False, random_state=456, solver='auto',
                tol=0.0001), fold=None, round=4, cross_validation=False, predict=False, fit_kwargs=None, groups=None, refit=True, probability_threshold=None, experiment_custom_tags=None, verbose=False, system=False, add_to_model_list=True, metrics=None, display=None, model_only=True, return_train_score=False, error_score=0.0, kwargs={})
2024-11-22 13:13:12,764:INFO:Checking exceptions
2024-11-22 13:13:12,768:INFO:Importing libraries
2024-11-22 13:13:12,768:INFO:Copying training dataset
2024-11-22 13:13:13,409:INFO:Defining folds
2024-11-22 13:13:13,409:INFO:Declaring metric variables
2024-11-22 13:13:13,409:INFO:Importing untrained model
2024-11-22 13:13:13,410:INFO:Declaring custom model
2024-11-22 13:13:13,410:INFO:Ridge Classifier Imported successfully
2024-11-22 13:13:13,433:INFO:Cross validation set to False
2024-11-22 13:13:13,433:INFO:Fitting Model
2024-11-22 13:13:14,371:INFO:RidgeClassifier(alpha=1.0, class_weight=None, copy_X=True, fit_intercept=True,
                max_iter=None, positive=False, random_state=456, solver='auto',
                tol=0.0001)
2024-11-22 13:13:14,371:INFO:create_model() successfully completed......................................
2024-11-22 13:13:14,520:INFO:RidgeClassifier(alpha=1.0, class_weight=None, copy_X=True, fit_intercept=True,
                max_iter=None, positive=False, random_state=456, solver='auto',
                tol=0.0001)
2024-11-22 13:13:14,521:INFO:automl() successfully completed......................................
2024-11-22 13:13:14,633:INFO:Initializing tune_model()
2024-11-22 13:13:14,633:INFO:tune_model(estimator=RidgeClassifier(alpha=1.0, class_weight=None, copy_X=True, fit_intercept=True,
                max_iter=None, positive=False, random_state=456, solver='auto',
                tol=0.0001), fold=None, round=4, n_iter=10, custom_grid={'alpha': [0.1, 0.5, 1.0, 10.0], 'max_iter': [100, 500, 1000]}, optimize=Accuracy, custom_scorer=None, search_library=scikit-learn, search_algorithm=None, early_stopping=False, early_stopping_max_iters=10, choose_better=True, fit_kwargs=None, groups=None, return_tuner=False, verbose=True, tuner_verbose=True, return_train_score=False, kwargs={}, self=<pycaret.classification.oop.ClassificationExperiment object at 0x00000275297D3280>)
2024-11-22 13:13:14,633:INFO:Checking exceptions
2024-11-22 13:13:14,896:INFO:Copying training dataset
2024-11-22 13:13:15,370:INFO:Checking base model
2024-11-22 13:13:15,370:INFO:Base model : Ridge Classifier
2024-11-22 13:13:15,373:INFO:Declaring metric variables
2024-11-22 13:13:15,376:INFO:Defining Hyperparameters
2024-11-22 13:13:15,488:INFO:custom_grid: {'actual_estimator__alpha': [0.1, 0.5, 1.0, 10.0], 'actual_estimator__max_iter': [100, 500, 1000]}
2024-11-22 13:13:15,488:INFO:Tuning with n_jobs=-1
2024-11-22 13:13:15,490:INFO:Initializing RandomizedSearchCV
2024-11-22 13:14:15,154:INFO:best_params: {'actual_estimator__max_iter': 500, 'actual_estimator__alpha': 0.1}
2024-11-22 13:14:15,155:INFO:Hyperparameter search completed
2024-11-22 13:14:15,156:INFO:SubProcess create_model() called ==================================
2024-11-22 13:14:15,156:INFO:Initializing create_model()
2024-11-22 13:14:15,157:INFO:create_model(self=<pycaret.classification.oop.ClassificationExperiment object at 0x00000275297D3280>, estimator=RidgeClassifier(alpha=1.0, class_weight=None, copy_X=True, fit_intercept=True,
                max_iter=None, positive=False, random_state=456, solver='auto',
                tol=0.0001), fold=StratifiedKFold(n_splits=10, random_state=None, shuffle=False), round=4, cross_validation=True, predict=True, fit_kwargs={}, groups=None, refit=True, probability_threshold=None, experiment_custom_tags=None, verbose=True, system=False, add_to_model_list=True, metrics=None, display=<pycaret.internal.display.display.CommonDisplay object at 0x000002752932D480>, model_only=True, return_train_score=False, error_score=0.0, kwargs={'max_iter': 500, 'alpha': 0.1})
2024-11-22 13:14:15,157:INFO:Checking exceptions
2024-11-22 13:14:15,157:INFO:Importing libraries
2024-11-22 13:14:15,157:INFO:Copying training dataset
2024-11-22 13:14:15,831:INFO:Defining folds
2024-11-22 13:14:15,831:INFO:Declaring metric variables
2024-11-22 13:14:15,840:INFO:Importing untrained model
2024-11-22 13:14:15,841:INFO:Declaring custom model
2024-11-22 13:14:15,845:INFO:Ridge Classifier Imported successfully
2024-11-22 13:14:15,852:INFO:Starting cross validation
2024-11-22 13:14:15,881:INFO:Cross validating with StratifiedKFold(n_splits=10, random_state=None, shuffle=False), n_jobs=-1
2024-11-22 13:14:22,827:INFO:Calculating mean and std
2024-11-22 13:14:22,830:INFO:Creating metrics dataframe
2024-11-22 13:14:22,849:INFO:Finalizing model
2024-11-22 13:14:23,851:INFO:Uploading results into container
2024-11-22 13:14:23,853:INFO:Uploading model into container now
2024-11-22 13:14:23,854:INFO:_master_model_container: 15
2024-11-22 13:14:23,854:INFO:_display_container: 3
2024-11-22 13:14:23,855:INFO:RidgeClassifier(alpha=0.1, class_weight=None, copy_X=True, fit_intercept=True,
                max_iter=500, positive=False, random_state=456, solver='auto',
                tol=0.0001)
2024-11-22 13:14:23,855:INFO:create_model() successfully completed......................................
2024-11-22 13:14:24,016:INFO:SubProcess create_model() end ==================================
2024-11-22 13:14:24,016:INFO:choose_better activated
2024-11-22 13:14:24,022:INFO:SubProcess create_model() called ==================================
2024-11-22 13:14:24,023:INFO:Initializing create_model()
2024-11-22 13:14:24,023:INFO:create_model(self=<pycaret.classification.oop.ClassificationExperiment object at 0x00000275297D3280>, estimator=RidgeClassifier(alpha=1.0, class_weight=None, copy_X=True, fit_intercept=True,
                max_iter=None, positive=False, random_state=456, solver='auto',
                tol=0.0001), fold=StratifiedKFold(n_splits=10, random_state=None, shuffle=False), round=4, cross_validation=True, predict=True, fit_kwargs={}, groups=None, refit=True, probability_threshold=None, experiment_custom_tags=None, verbose=False, system=False, add_to_model_list=True, metrics=None, display=None, model_only=True, return_train_score=False, error_score=0.0, kwargs={})
2024-11-22 13:14:24,023:INFO:Checking exceptions
2024-11-22 13:14:24,026:INFO:Importing libraries
2024-11-22 13:14:24,026:INFO:Copying training dataset
2024-11-22 13:14:24,930:INFO:Defining folds
2024-11-22 13:14:24,930:INFO:Declaring metric variables
2024-11-22 13:14:24,930:INFO:Importing untrained model
2024-11-22 13:14:24,931:INFO:Declaring custom model
2024-11-22 13:14:24,931:INFO:Ridge Classifier Imported successfully
2024-11-22 13:14:24,931:INFO:Starting cross validation
2024-11-22 13:14:24,975:INFO:Cross validating with StratifiedKFold(n_splits=10, random_state=None, shuffle=False), n_jobs=-1
2024-11-22 13:14:31,760:INFO:Calculating mean and std
2024-11-22 13:14:31,761:INFO:Creating metrics dataframe
2024-11-22 13:14:31,764:INFO:Finalizing model
2024-11-22 13:14:32,726:INFO:Uploading results into container
2024-11-22 13:14:32,727:INFO:Uploading model into container now
2024-11-22 13:14:32,727:INFO:_master_model_container: 16
2024-11-22 13:14:32,727:INFO:_display_container: 4
2024-11-22 13:14:32,728:INFO:RidgeClassifier(alpha=1.0, class_weight=None, copy_X=True, fit_intercept=True,
                max_iter=None, positive=False, random_state=456, solver='auto',
                tol=0.0001)
2024-11-22 13:14:32,728:INFO:create_model() successfully completed......................................
2024-11-22 13:14:32,828:INFO:SubProcess create_model() end ==================================
2024-11-22 13:14:32,828:INFO:RidgeClassifier(alpha=1.0, class_weight=None, copy_X=True, fit_intercept=True,
                max_iter=None, positive=False, random_state=456, solver='auto',
                tol=0.0001) result for Accuracy is 0.7817
2024-11-22 13:14:32,828:INFO:RidgeClassifier(alpha=0.1, class_weight=None, copy_X=True, fit_intercept=True,
                max_iter=500, positive=False, random_state=456, solver='auto',
                tol=0.0001) result for Accuracy is 0.7842
2024-11-22 13:14:32,829:INFO:RidgeClassifier(alpha=0.1, class_weight=None, copy_X=True, fit_intercept=True,
                max_iter=500, positive=False, random_state=456, solver='auto',
                tol=0.0001) is best model
2024-11-22 13:14:32,829:INFO:choose_better completed
2024-11-22 13:14:32,844:INFO:_master_model_container: 16
2024-11-22 13:14:32,844:INFO:_display_container: 3
2024-11-22 13:14:32,846:INFO:RidgeClassifier(alpha=0.1, class_weight=None, copy_X=True, fit_intercept=True,
                max_iter=500, positive=False, random_state=456, solver='auto',
                tol=0.0001)
2024-11-22 13:14:32,846:INFO:tune_model() successfully completed......................................
2024-11-22 13:14:33,085:INFO:Initializing predict_model()
2024-11-22 13:14:33,085:INFO:predict_model(self=<pycaret.classification.oop.ClassificationExperiment object at 0x00000275297D3280>, estimator=RidgeClassifier(alpha=0.1, class_weight=None, copy_X=True, fit_intercept=True,
                max_iter=500, positive=False, random_state=456, solver='auto',
                tol=0.0001), probability_threshold=None, encoded_labels=False, raw_score=False, round=4, verbose=True, ml_usecase=None, preprocess=True, encode_labels=<function _SupervisedExperiment.predict_model.<locals>.encode_labels at 0x0000027532EAC040>)
2024-11-22 13:14:33,085:INFO:Checking exceptions
2024-11-22 13:14:33,085:INFO:Preloading libraries
2024-11-22 13:14:33,089:INFO:Set up data.
2024-11-22 13:14:33,732:INFO:Set up index.
2024-11-22 13:14:35,739:WARNING:C:\Users\Abdul Latif\AppData\Roaming\Python\Python310\site-packages\pycaret\internal\pipeline.py:289: UserWarning: Persisting input arguments took 0.68s to run.If this happens often in your code, it can cause performance problems (results will be correct in all cases). The reason for this is probably some large input arguments for a wrapped function.
  X, y = self._memory_full_transform(

2024-11-22 13:14:42,493:WARNING:C:\Users\Abdul Latif\AppData\Roaming\Python\Python310\site-packages\sklearn\linear_model\_sag.py:350: ConvergenceWarning: The max_iter was reached which means the coef_ did not converge
  warnings.warn(

2024-11-22 13:14:42,522:WARNING:C:\Users\Abdul Latif\AppData\Roaming\Python\Python310\site-packages\sklearn\linear_model\_sag.py:350: ConvergenceWarning: The max_iter was reached which means the coef_ did not converge
  warnings.warn(

2024-11-22 13:14:42,551:WARNING:C:\Users\Abdul Latif\AppData\Roaming\Python\Python310\site-packages\sklearn\linear_model\_sag.py:350: ConvergenceWarning: The max_iter was reached which means the coef_ did not converge
  warnings.warn(

2024-11-22 13:14:42,602:WARNING:C:\Users\Abdul Latif\AppData\Roaming\Python\Python310\site-packages\sklearn\linear_model\_sag.py:350: ConvergenceWarning: The max_iter was reached which means the coef_ did not converge
  warnings.warn(

2024-11-22 13:14:48,350:WARNING:C:\Users\Abdul Latif\AppData\Roaming\Python\Python310\site-packages\sklearn\linear_model\_sag.py:350: ConvergenceWarning: The max_iter was reached which means the coef_ did not converge
  warnings.warn(

2024-11-22 13:14:48,351:WARNING:C:\Users\Abdul Latif\AppData\Roaming\Python\Python310\site-packages\sklearn\linear_model\_sag.py:350: ConvergenceWarning: The max_iter was reached which means the coef_ did not converge
  warnings.warn(

2024-11-22 13:14:48,416:WARNING:C:\Users\Abdul Latif\AppData\Roaming\Python\Python310\site-packages\sklearn\linear_model\_sag.py:350: ConvergenceWarning: The max_iter was reached which means the coef_ did not converge
  warnings.warn(

2024-11-22 13:14:48,457:WARNING:C:\Users\Abdul Latif\AppData\Roaming\Python\Python310\site-packages\sklearn\linear_model\_sag.py:350: ConvergenceWarning: The max_iter was reached which means the coef_ did not converge
  warnings.warn(

2024-11-22 13:14:53,291:WARNING:C:\Users\Abdul Latif\AppData\Roaming\Python\Python310\site-packages\sklearn\linear_model\_sag.py:350: ConvergenceWarning: The max_iter was reached which means the coef_ did not converge
  warnings.warn(

2024-11-22 13:14:53,353:WARNING:C:\Users\Abdul Latif\AppData\Roaming\Python\Python310\site-packages\sklearn\linear_model\_sag.py:350: ConvergenceWarning: The max_iter was reached which means the coef_ did not converge
  warnings.warn(

2024-11-22 13:14:53,479:WARNING:C:\Users\Abdul Latif\AppData\Roaming\Python\Python310\site-packages\sklearn\linear_model\_sag.py:350: ConvergenceWarning: The max_iter was reached which means the coef_ did not converge
  warnings.warn(

2024-11-22 13:14:53,481:WARNING:C:\Users\Abdul Latif\AppData\Roaming\Python\Python310\site-packages\sklearn\linear_model\_sag.py:350: ConvergenceWarning: The max_iter was reached which means the coef_ did not converge
  warnings.warn(

2024-11-22 13:14:58,093:WARNING:C:\Users\Abdul Latif\AppData\Roaming\Python\Python310\site-packages\sklearn\linear_model\_sag.py:350: ConvergenceWarning: The max_iter was reached which means the coef_ did not converge
  warnings.warn(

2024-11-22 13:14:58,182:WARNING:C:\Users\Abdul Latif\AppData\Roaming\Python\Python310\site-packages\sklearn\linear_model\_sag.py:350: ConvergenceWarning: The max_iter was reached which means the coef_ did not converge
  warnings.warn(

2024-11-22 13:14:58,315:WARNING:C:\Users\Abdul Latif\AppData\Roaming\Python\Python310\site-packages\sklearn\linear_model\_sag.py:350: ConvergenceWarning: The max_iter was reached which means the coef_ did not converge
  warnings.warn(

2024-11-22 13:15:36,638:WARNING:C:\Users\Abdul Latif\AppData\Roaming\Python\Python310\site-packages\sklearn\linear_model\_sag.py:350: ConvergenceWarning: The max_iter was reached which means the coef_ did not converge
  warnings.warn(

2024-11-22 13:17:20,284:WARNING:C:\Users\Abdul Latif\AppData\Roaming\Python\Python310\site-packages\sklearn\model_selection\_validation.py:547: FitFailedWarning: 
180 fits failed out of a total of 300.
The score on these train-test partitions for these parameters will be set to nan.
If these failures are not expected, you can try to debug them by setting error_score='raise'.

Below are more details about the failures:
--------------------------------------------------------------------------------
18 fits failed with the following error:
Traceback (most recent call last):
  File "C:\Users\Abdul Latif\AppData\Roaming\Python\Python310\site-packages\sklearn\model_selection\_validation.py", line 895, in _fit_and_score
    estimator.fit(X_train, y_train, **fit_params)
  File "C:\Users\Abdul Latif\AppData\Roaming\Python\Python310\site-packages\sklearn\base.py", line 1467, in wrapper
    estimator._validate_params()
  File "C:\Users\Abdul Latif\AppData\Roaming\Python\Python310\site-packages\sklearn\base.py", line 666, in _validate_params
    validate_parameter_constraints(
  File "C:\Users\Abdul Latif\AppData\Roaming\Python\Python310\site-packages\sklearn\utils\_param_validation.py", line 95, in validate_parameter_constraints
    raise InvalidParameterError(
sklearn.utils._param_validation.InvalidParameterError: The 'solver' parameter of RidgeClassifier must be a str among {'svd', 'lbfgs', 'saga', 'sparse_cg', 'lsqr', 'auto', 'cholesky', 'sag'}. Got 'newton-cg' instead.

--------------------------------------------------------------------------------
17 fits failed with the following error:
Traceback (most recent call last):
  File "C:\Users\Abdul Latif\AppData\Roaming\Python\Python310\site-packages\sklearn\model_selection\_validation.py", line 895, in _fit_and_score
    estimator.fit(X_train, y_train, **fit_params)
  File "C:\Users\Abdul Latif\AppData\Roaming\Python\Python310\site-packages\sklearn\base.py", line 1467, in wrapper
    estimator._validate_params()
  File "C:\Users\Abdul Latif\AppData\Roaming\Python\Python310\site-packages\sklearn\base.py", line 666, in _validate_params
    validate_parameter_constraints(
  File "C:\Users\Abdul Latif\AppData\Roaming\Python\Python310\site-packages\sklearn\utils\_param_validation.py", line 95, in validate_parameter_constraints
    raise InvalidParameterError(
sklearn.utils._param_validation.InvalidParameterError: The 'solver' parameter of RidgeClassifier must be a str among {'auto', 'sag', 'sparse_cg', 'lbfgs', 'cholesky', 'lsqr', 'saga', 'svd'}. Got 'newton-cg' instead.

--------------------------------------------------------------------------------
5 fits failed with the following error:
Traceback (most recent call last):
  File "C:\Users\Abdul Latif\AppData\Roaming\Python\Python310\site-packages\sklearn\model_selection\_validation.py", line 895, in _fit_and_score
    estimator.fit(X_train, y_train, **fit_params)
  File "C:\Users\Abdul Latif\AppData\Roaming\Python\Python310\site-packages\sklearn\base.py", line 1467, in wrapper
    estimator._validate_params()
  File "C:\Users\Abdul Latif\AppData\Roaming\Python\Python310\site-packages\sklearn\base.py", line 666, in _validate_params
    validate_parameter_constraints(
  File "C:\Users\Abdul Latif\AppData\Roaming\Python\Python310\site-packages\sklearn\utils\_param_validation.py", line 95, in validate_parameter_constraints
    raise InvalidParameterError(
sklearn.utils._param_validation.InvalidParameterError: The 'solver' parameter of RidgeClassifier must be a str among {'svd', 'lbfgs', 'sag', 'sparse_cg', 'auto', 'saga', 'lsqr', 'cholesky'}. Got 'newton-cg' instead.

--------------------------------------------------------------------------------
20 fits failed with the following error:
Traceback (most recent call last):
  File "C:\Users\Abdul Latif\AppData\Roaming\Python\Python310\site-packages\sklearn\model_selection\_validation.py", line 895, in _fit_and_score
    estimator.fit(X_train, y_train, **fit_params)
  File "C:\Users\Abdul Latif\AppData\Roaming\Python\Python310\site-packages\sklearn\base.py", line 1467, in wrapper
    estimator._validate_params()
  File "C:\Users\Abdul Latif\AppData\Roaming\Python\Python310\site-packages\sklearn\base.py", line 666, in _validate_params
    validate_parameter_constraints(
  File "C:\Users\Abdul Latif\AppData\Roaming\Python\Python310\site-packages\sklearn\utils\_param_validation.py", line 95, in validate_parameter_constraints
    raise InvalidParameterError(
sklearn.utils._param_validation.InvalidParameterError: The 'solver' parameter of RidgeClassifier must be a str among {'lsqr', 'sparse_cg', 'sag', 'lbfgs', 'svd', 'saga', 'auto', 'cholesky'}. Got 'newton-cg' instead.

--------------------------------------------------------------------------------
60 fits failed with the following error:
Traceback (most recent call last):
  File "C:\Users\Abdul Latif\AppData\Roaming\Python\Python310\site-packages\sklearn\model_selection\_validation.py", line 895, in _fit_and_score
    estimator.fit(X_train, y_train, **fit_params)
  File "C:\Users\Abdul Latif\AppData\Roaming\Python\Python310\site-packages\sklearn\base.py", line 1474, in wrapper
    return fit_method(estimator, *args, **kwargs)
  File "C:\Users\Abdul Latif\AppData\Roaming\Python\Python310\site-packages\sklearn\linear_model\_ridge.py", line 1479, in fit
    super().fit(X, Y, sample_weight=sample_weight)
  File "C:\Users\Abdul Latif\AppData\Roaming\Python\Python310\site-packages\sklearn\linear_model\_ridge.py", line 852, in fit
    raise ValueError(
ValueError: 'lbfgs' solver can be used only when positive=True. Please use another solver.

--------------------------------------------------------------------------------
18 fits failed with the following error:
Traceback (most recent call last):
  File "C:\Users\Abdul Latif\AppData\Roaming\Python\Python310\site-packages\sklearn\model_selection\_validation.py", line 895, in _fit_and_score
    estimator.fit(X_train, y_train, **fit_params)
  File "C:\Users\Abdul Latif\AppData\Roaming\Python\Python310\site-packages\sklearn\base.py", line 1467, in wrapper
    estimator._validate_params()
  File "C:\Users\Abdul Latif\AppData\Roaming\Python\Python310\site-packages\sklearn\base.py", line 666, in _validate_params
    validate_parameter_constraints(
  File "C:\Users\Abdul Latif\AppData\Roaming\Python\Python310\site-packages\sklearn\utils\_param_validation.py", line 95, in validate_parameter_constraints
    raise InvalidParameterError(
sklearn.utils._param_validation.InvalidParameterError: The 'solver' parameter of RidgeClassifier must be a str among {'auto', 'sag', 'sparse_cg', 'lbfgs', 'cholesky', 'lsqr', 'saga', 'svd'}. Got 'liblinear' instead.

--------------------------------------------------------------------------------
30 fits failed with the following error:
Traceback (most recent call last):
  File "C:\Users\Abdul Latif\AppData\Roaming\Python\Python310\site-packages\sklearn\model_selection\_validation.py", line 895, in _fit_and_score
    estimator.fit(X_train, y_train, **fit_params)
  File "C:\Users\Abdul Latif\AppData\Roaming\Python\Python310\site-packages\sklearn\base.py", line 1467, in wrapper
    estimator._validate_params()
  File "C:\Users\Abdul Latif\AppData\Roaming\Python\Python310\site-packages\sklearn\base.py", line 666, in _validate_params
    validate_parameter_constraints(
  File "C:\Users\Abdul Latif\AppData\Roaming\Python\Python310\site-packages\sklearn\utils\_param_validation.py", line 95, in validate_parameter_constraints
    raise InvalidParameterError(
sklearn.utils._param_validation.InvalidParameterError: The 'solver' parameter of RidgeClassifier must be a str among {'svd', 'lbfgs', 'saga', 'sparse_cg', 'lsqr', 'auto', 'cholesky', 'sag'}. Got 'liblinear' instead.

--------------------------------------------------------------------------------
12 fits failed with the following error:
Traceback (most recent call last):
  File "C:\Users\Abdul Latif\AppData\Roaming\Python\Python310\site-packages\sklearn\model_selection\_validation.py", line 895, in _fit_and_score
    estimator.fit(X_train, y_train, **fit_params)
  File "C:\Users\Abdul Latif\AppData\Roaming\Python\Python310\site-packages\sklearn\base.py", line 1467, in wrapper
    estimator._validate_params()
  File "C:\Users\Abdul Latif\AppData\Roaming\Python\Python310\site-packages\sklearn\base.py", line 666, in _validate_params
    validate_parameter_constraints(
  File "C:\Users\Abdul Latif\AppData\Roaming\Python\Python310\site-packages\sklearn\utils\_param_validation.py", line 95, in validate_parameter_constraints
    raise InvalidParameterError(
sklearn.utils._param_validation.InvalidParameterError: The 'solver' parameter of RidgeClassifier must be a str among {'lsqr', 'sparse_cg', 'sag', 'lbfgs', 'svd', 'saga', 'auto', 'cholesky'}. Got 'liblinear' instead.

  warnings.warn(some_fits_failed_message, FitFailedWarning)

2024-11-22 13:17:20,319:WARNING:C:\Users\Abdul Latif\AppData\Roaming\Python\Python310\site-packages\sklearn\model_selection\_search.py:1051: UserWarning: One or more of the test scores are non-finite: [   nan    nan    nan    nan    nan    nan    nan    nan    nan 0.7825
 0.7825 0.7825 0.7825 0.7825 0.7825    nan    nan    nan    nan    nan
    nan    nan    nan    nan 0.7825 0.7825 0.7825 0.7825 0.7825 0.7825
    nan    nan    nan    nan    nan    nan    nan    nan    nan 0.7825
 0.7825 0.7825 0.7825 0.7825 0.7825    nan    nan    nan    nan    nan
    nan    nan    nan    nan 0.7825 0.7825 0.7825 0.7825 0.7825 0.7825]
  warnings.warn(

2024-11-22 13:17:23,222:WARNING:C:\Users\Abdul Latif\AppData\Roaming\Python\Python310\site-packages\sklearn\linear_model\_sag.py:350: ConvergenceWarning: The max_iter was reached which means the coef_ did not converge
  warnings.warn(

2024-11-22 16:54:48,675:INFO:Initializing predict_model()
2024-11-22 16:54:48,680:INFO:predict_model(self=<pycaret.classification.oop.ClassificationExperiment object at 0x00000275297D3280>, estimator=RidgeClassifier(alpha=0.1, class_weight=None, copy_X=True, fit_intercept=True,
                max_iter=500, positive=False, random_state=456, solver='auto',
                tol=0.0001), probability_threshold=None, encoded_labels=False, raw_score=False, round=4, verbose=True, ml_usecase=None, preprocess=True, encode_labels=<function _SupervisedExperiment.predict_model.<locals>.encode_labels at 0x000002753495AB00>)
2024-11-22 16:54:48,680:INFO:Checking exceptions
2024-11-22 16:54:48,680:INFO:Preloading libraries
2024-11-22 16:54:48,819:INFO:Set up data.
2024-11-22 16:54:50,934:INFO:Set up index.
2024-11-22 16:57:00,278:INFO:Initializing predict_model()
2024-11-22 16:57:00,279:INFO:predict_model(self=<pycaret.classification.oop.ClassificationExperiment object at 0x00000275297D3280>, estimator=RidgeClassifier(alpha=0.1, class_weight=None, copy_X=True, fit_intercept=True,
                max_iter=500, positive=False, random_state=456, solver='auto',
                tol=0.0001), probability_threshold=None, encoded_labels=False, raw_score=False, round=4, verbose=True, ml_usecase=None, preprocess=True, encode_labels=<function _SupervisedExperiment.predict_model.<locals>.encode_labels at 0x0000027529814B80>)
2024-11-22 16:57:00,280:INFO:Checking exceptions
2024-11-22 16:57:00,280:INFO:Preloading libraries
2024-11-22 16:57:00,283:INFO:Set up data.
2024-11-22 16:57:01,396:INFO:Set up index.
2024-11-22 16:58:12,423:INFO:Initializing predict_model()
2024-11-22 16:58:12,424:INFO:predict_model(self=<pycaret.classification.oop.ClassificationExperiment object at 0x00000275297D3280>, estimator=RidgeClassifier(alpha=0.1, class_weight=None, copy_X=True, fit_intercept=True,
                max_iter=500, positive=False, random_state=456, solver='auto',
                tol=0.0001), probability_threshold=None, encoded_labels=False, raw_score=False, round=4, verbose=True, ml_usecase=None, preprocess=True, encode_labels=<function _SupervisedExperiment.predict_model.<locals>.encode_labels at 0x000002753353DF30>)
2024-11-22 16:58:12,424:INFO:Checking exceptions
2024-11-22 16:58:12,424:INFO:Preloading libraries
2024-11-22 16:58:12,432:INFO:Set up data.
2024-11-22 16:58:13,949:INFO:Set up index.
